Nov 17, 2013 11:51:29 AM org.apache.coyote.AbstractProtocol pause
INFO: Pausing ProtocolHandler ["http-bio-8080"]
Nov 17, 2013 11:51:29 AM org.apache.coyote.AbstractProtocol pause
INFO: Pausing ProtocolHandler ["ajp-bio-8009"]
Nov 17, 2013 11:51:29 AM org.apache.catalina.core.StandardService stopInternal
INFO: Stopping service Catalina
Nov 17, 2013 11:51:34 AM org.apache.catalina.loader.WebappClassLoader clearReferencesThreads
SEVERE: The web application [/jasperserver] appears to have started a thread named [Thread-5] but has failed to stop it. This is very likely to create a memory leak.
Nov 17, 2013 11:51:34 AM org.apache.catalina.loader.WebappClassLoader clearReferencesThreads
SEVERE: The web application [/jasperserver] appears to have started a thread named [quartzScheduler_Worker-1] but has failed to stop it. This is very likely to create a memory leak.
Nov 17, 2013 11:51:34 AM org.apache.catalina.loader.WebappClassLoader clearReferencesThreads
SEVERE: The web application [/jasperserver] appears to have started a thread named [quartzScheduler_Worker-2] but has failed to stop it. This is very likely to create a memory leak.
Nov 17, 2013 11:51:34 AM org.apache.catalina.loader.WebappClassLoader clearReferencesThreads
SEVERE: The web application [/jasperserver] appears to have started a thread named [CascadeCacheCleaner] but has failed to stop it. This is very likely to create a memory leak.
Nov 17, 2013 11:51:34 AM org.apache.coyote.AbstractProtocol stop
INFO: Stopping ProtocolHandler ["http-bio-8080"]
Nov 17, 2013 11:51:34 AM org.apache.coyote.AbstractProtocol stop
INFO: Stopping ProtocolHandler ["ajp-bio-8009"]
Nov 17, 2013 11:51:34 AM org.apache.coyote.AbstractProtocol destroy
INFO: Destroying ProtocolHandler ["http-bio-8080"]
Nov 17, 2013 11:51:34 AM org.apache.coyote.AbstractProtocol destroy
INFO: Destroying ProtocolHandler ["ajp-bio-8009"]
Nov 17, 2013 11:59:24 AM org.apache.catalina.core.AprLifecycleListener init
INFO: The APR based Apache Tomcat Native library which allows optimal performance in production environments was not found on the java.library.path: .:/Library/Java/Extensions:/System/Library/Java/Extensions:/usr/lib/java
Nov 17, 2013 11:59:24 AM org.apache.coyote.AbstractProtocol init
INFO: Initializing ProtocolHandler ["http-bio-8080"]
Nov 17, 2013 11:59:24 AM org.apache.coyote.AbstractProtocol init
INFO: Initializing ProtocolHandler ["ajp-bio-8009"]
Nov 17, 2013 11:59:24 AM org.apache.catalina.startup.Catalina load
INFO: Initialization processed in 668 ms
Nov 17, 2013 11:59:24 AM org.apache.catalina.core.StandardService startInternal
INFO: Starting service Catalina
Nov 17, 2013 11:59:24 AM org.apache.catalina.core.StandardEngine startInternal
INFO: Starting Servlet Engine: Apache Tomcat/7.0.42
Nov 17, 2013 11:59:24 AM org.apache.catalina.startup.HostConfig deployWAR
INFO: Deploying web application archive /opt/appserver/apache-tomcat/webapps/casa.war
Nov 17, 2013 11:59:42 AM org.apache.catalina.startup.HostConfig deployDirectory
INFO: Deploying web application directory /opt/appserver/apache-tomcat/webapps/docs
Nov 17, 2013 11:59:42 AM org.apache.catalina.startup.HostConfig deployDirectory
INFO: Deploying web application directory /opt/appserver/apache-tomcat/webapps/examples
Nov 17, 2013 11:59:42 AM org.apache.catalina.startup.HostConfig deployDirectory
INFO: Deploying web application directory /opt/appserver/apache-tomcat/webapps/host-manager
Nov 17, 2013 11:59:42 AM org.apache.catalina.startup.HostConfig deployDirectory
INFO: Deploying web application directory /opt/appserver/apache-tomcat/webapps/jasperserver
Nov 17, 2013 11:59:42 AM org.apache.catalina.startup.SetContextPropertiesRule begin
WARNING: [SetContextPropertiesRule]{Context} Setting property 'debug' to '5' did not find a matching property.
Nov 17, 2013 12:00:00 PM org.apache.catalina.startup.TaglibUriRule body
INFO: TLD skipped. URI: http://www.tonbeller.com/jpivot/core is already defined
Nov 17, 2013 12:00:00 PM org.apache.catalina.startup.TaglibUriRule body
INFO: TLD skipped. URI: http://www.springframework.org/tags is already defined
Nov 17, 2013 12:00:00 PM org.apache.catalina.startup.TaglibUriRule body
INFO: TLD skipped. URI: http://www.springframework.org/tags is already defined
Nov 17, 2013 12:00:13 PM com.sun.jersey.spi.spring.container.servlet.SpringServlet getContext
INFO: Using default applicationContext
Nov 17, 2013 12:00:13 PM com.sun.jersey.spi.spring.container.SpringComponentProviderFactory registerSpringBeans
INFO: Registering Spring bean, jobsJaxrsService, of type com.jaspersoft.jasperserver.jaxrs.job.JobsJaxrsService as a root resource class
Nov 17, 2013 12:00:13 PM com.sun.jersey.spi.spring.container.SpringComponentProviderFactory registerSpringBeans
INFO: Registering Spring bean, reportExecutionsJaxrsService, of type com.jaspersoft.jasperserver.jaxrs.report.ReportExecutionsJaxrsService as a root resource class
Nov 17, 2013 12:00:13 PM com.sun.jersey.spi.spring.container.SpringComponentProviderFactory registerSpringBeans
INFO: Registering Spring bean, inputControlsJaxrsService, of type com.jaspersoft.jasperserver.jaxrs.report.InputControlsJaxrsService as a root resource class
Nov 17, 2013 12:00:13 PM com.sun.jersey.spi.spring.container.SpringComponentProviderFactory registerSpringBeans
INFO: Registering Spring bean, runReportsJaxrsService, of type com.jaspersoft.jasperserver.jaxrs.report.RunReportsJaxrsService as a root resource class
Nov 17, 2013 12:00:13 PM com.sun.jersey.spi.spring.container.SpringComponentProviderFactory registerSpringBeans
INFO: Registering Spring bean, usersJaxrsServiceWrapper, of type com.jaspersoft.jasperserver.jaxrs.authority.UsersJaxrsServiceWrapper as a root resource class
Nov 17, 2013 12:00:13 PM com.sun.jersey.spi.spring.container.SpringComponentProviderFactory registerSpringBeans
INFO: Registering Spring bean, rolesJaxrsServiceWrapper, of type com.jaspersoft.jasperserver.jaxrs.authority.RolesJaxrsServiceWrapper as a root resource class
Nov 17, 2013 12:00:13 PM com.sun.jersey.spi.spring.container.SpringComponentProviderFactory registerSpringBeans
INFO: Registering Spring bean, exportJaxrsService, of type com.jaspersoft.jasperserver.jaxrs.importexport.ExportJaxrsService as a root resource class
Nov 17, 2013 12:00:13 PM com.sun.jersey.spi.spring.container.SpringComponentProviderFactory registerSpringBeans
INFO: Registering Spring bean, importJaxrsService, of type com.jaspersoft.jasperserver.jaxrs.importexport.ImportJaxrsService as a root resource class
Nov 17, 2013 12:00:13 PM com.sun.jersey.spi.spring.container.SpringComponentProviderFactory registerSpringBeans
INFO: Registering Spring bean, genericParamExceptionMapper, of type com.jaspersoft.jasperserver.jaxrs.common.GenericParamExceptionMapper as a provider class
Nov 17, 2013 12:00:13 PM com.sun.jersey.spi.spring.container.SpringComponentProviderFactory registerSpringBeans
INFO: Registering Spring bean, genericRemoteExceptionMapper, of type com.jaspersoft.jasperserver.jaxrs.common.GenericRemoteExceptionMapper as a provider class
Nov 17, 2013 12:00:13 PM com.sun.jersey.spi.spring.container.SpringComponentProviderFactory registerSpringBeans
INFO: Registering Spring bean, springSecurityAccessDeniedExceptionMapper, of type com.jaspersoft.jasperserver.jaxrs.common.SpringSecurityAccessDeniedExceptionMapper as a provider class
Nov 17, 2013 12:00:13 PM com.sun.jersey.spi.spring.container.SpringComponentProviderFactory registerSpringBeans
INFO: Registering Spring bean, genericExceptionMapper, of type com.jaspersoft.jasperserver.jaxrs.common.GenericExceptionMapper as a provider class
Nov 17, 2013 12:00:13 PM com.sun.jersey.spi.spring.container.SpringComponentProviderFactory registerSpringBeans
INFO: Registering Spring bean, accessDeniedExceptionMapper, of type com.jaspersoft.jasperserver.jaxrs.common.AccessDeniedExceptionMapper as a provider class
Nov 17, 2013 12:00:13 PM com.sun.jersey.spi.spring.container.SpringComponentProviderFactory registerSpringBeans
INFO: Registering Spring bean, resourceNotFoundExceptionMapper, of type com.jaspersoft.jasperserver.jaxrs.common.ResourceNotFoundExceptionMapper as a provider class
Nov 17, 2013 12:00:13 PM com.sun.jersey.spi.spring.container.SpringComponentProviderFactory registerSpringBeans
INFO: Registering Spring bean, dataIntegrityViolationExceptionMapper, of type com.jaspersoft.jasperserver.jaxrs.common.DataIntegrityViolationExceptionMapper as a provider class
Nov 17, 2013 12:00:13 PM com.sun.jersey.spi.spring.container.SpringComponentProviderFactory registerSpringBeans
INFO: Registering Spring bean, serverInfoJaxrsService, of type com.jaspersoft.jasperserver.jaxrs.serverInfo.ServerInfoJaxrsService as a root resource class
Nov 17, 2013 12:00:13 PM com.sun.jersey.server.impl.application.WebApplicationImpl _initiate
INFO: Initiating Jersey application, version 'Jersey: 1.13-b01 03/09/2012 03:52 PM'
Nov 17, 2013 12:00:15 PM org.apache.catalina.startup.HostConfig deployDirectory
INFO: Deploying web application directory /opt/appserver/apache-tomcat/webapps/manager
Nov 17, 2013 12:00:15 PM org.apache.catalina.startup.HostConfig deployDirectory
INFO: Deploying web application directory /opt/appserver/apache-tomcat/webapps/ROOT
Nov 17, 2013 12:00:15 PM org.apache.coyote.AbstractProtocol start
INFO: Starting ProtocolHandler ["http-bio-8080"]
Nov 17, 2013 12:00:15 PM org.apache.coyote.AbstractProtocol start
INFO: Starting ProtocolHandler ["ajp-bio-8009"]
Nov 17, 2013 12:00:15 PM org.apache.catalina.startup.Catalina start
INFO: Server startup in 51108 ms
