Oct 21, 2013 11:21:20 AM org.apache.catalina.core.AprLifecycleListener init
INFO: The APR based Apache Tomcat Native library which allows optimal performance in production environments was not found on the java.library.path: .:/Library/Java/Extensions:/System/Library/Java/Extensions:/usr/lib/java
Oct 21, 2013 11:21:21 AM org.apache.coyote.AbstractProtocol init
INFO: Initializing ProtocolHandler ["http-bio-8080"]
Oct 21, 2013 11:21:21 AM org.apache.coyote.AbstractProtocol init
INFO: Initializing ProtocolHandler ["ajp-bio-8009"]
Oct 21, 2013 11:21:21 AM org.apache.catalina.startup.Catalina load
INFO: Initialization processed in 1389 ms
Oct 21, 2013 11:21:21 AM org.apache.catalina.core.StandardService startInternal
INFO: Starting service Catalina
Oct 21, 2013 11:21:21 AM org.apache.catalina.core.StandardEngine startInternal
INFO: Starting Servlet Engine: Apache Tomcat/7.0.42
Oct 21, 2013 11:21:21 AM org.apache.catalina.startup.HostConfig deployDirectory
INFO: Deploying web application directory /opt/appserver/apache-tomcat/webapps/docs
Oct 21, 2013 11:21:22 AM org.apache.catalina.startup.HostConfig deployDirectory
INFO: Deploying web application directory /opt/appserver/apache-tomcat/webapps/examples
Oct 21, 2013 11:21:22 AM org.apache.catalina.startup.HostConfig deployDirectory
INFO: Deploying web application directory /opt/appserver/apache-tomcat/webapps/host-manager
Oct 21, 2013 11:21:22 AM org.apache.catalina.startup.HostConfig deployDirectory
INFO: Deploying web application directory /opt/appserver/apache-tomcat/webapps/jasperserver
Oct 21, 2013 11:21:22 AM org.apache.catalina.startup.SetContextPropertiesRule begin
WARNING: [SetContextPropertiesRule]{Context} Setting property 'debug' to '5' did not find a matching property.
Oct 21, 2013 11:21:31 AM org.apache.catalina.startup.TaglibUriRule body
INFO: TLD skipped. URI: http://www.tonbeller.com/jpivot/core is already defined
Oct 21, 2013 11:21:31 AM org.apache.catalina.startup.TaglibUriRule body
INFO: TLD skipped. URI: http://www.springframework.org/tags is already defined
Oct 21, 2013 11:21:31 AM org.apache.catalina.startup.TaglibUriRule body
INFO: TLD skipped. URI: http://www.springframework.org/tags is already defined
Oct 21, 2013 11:21:47 AM com.sun.jersey.spi.spring.container.servlet.SpringServlet getContext
INFO: Using default applicationContext
Oct 21, 2013 11:21:47 AM com.sun.jersey.spi.spring.container.SpringComponentProviderFactory registerSpringBeans
INFO: Registering Spring bean, jobsJaxrsService, of type com.jaspersoft.jasperserver.jaxrs.job.JobsJaxrsService as a root resource class
Oct 21, 2013 11:21:47 AM com.sun.jersey.spi.spring.container.SpringComponentProviderFactory registerSpringBeans
INFO: Registering Spring bean, reportExecutionsJaxrsService, of type com.jaspersoft.jasperserver.jaxrs.report.ReportExecutionsJaxrsService as a root resource class
Oct 21, 2013 11:21:47 AM com.sun.jersey.spi.spring.container.SpringComponentProviderFactory registerSpringBeans
INFO: Registering Spring bean, inputControlsJaxrsService, of type com.jaspersoft.jasperserver.jaxrs.report.InputControlsJaxrsService as a root resource class
Oct 21, 2013 11:21:47 AM com.sun.jersey.spi.spring.container.SpringComponentProviderFactory registerSpringBeans
INFO: Registering Spring bean, runReportsJaxrsService, of type com.jaspersoft.jasperserver.jaxrs.report.RunReportsJaxrsService as a root resource class
Oct 21, 2013 11:21:47 AM com.sun.jersey.spi.spring.container.SpringComponentProviderFactory registerSpringBeans
INFO: Registering Spring bean, usersJaxrsServiceWrapper, of type com.jaspersoft.jasperserver.jaxrs.authority.UsersJaxrsServiceWrapper as a root resource class
Oct 21, 2013 11:21:47 AM com.sun.jersey.spi.spring.container.SpringComponentProviderFactory registerSpringBeans
INFO: Registering Spring bean, rolesJaxrsServiceWrapper, of type com.jaspersoft.jasperserver.jaxrs.authority.RolesJaxrsServiceWrapper as a root resource class
Oct 21, 2013 11:21:47 AM com.sun.jersey.spi.spring.container.SpringComponentProviderFactory registerSpringBeans
INFO: Registering Spring bean, exportJaxrsService, of type com.jaspersoft.jasperserver.jaxrs.importexport.ExportJaxrsService as a root resource class
Oct 21, 2013 11:21:47 AM com.sun.jersey.spi.spring.container.SpringComponentProviderFactory registerSpringBeans
INFO: Registering Spring bean, importJaxrsService, of type com.jaspersoft.jasperserver.jaxrs.importexport.ImportJaxrsService as a root resource class
Oct 21, 2013 11:21:47 AM com.sun.jersey.spi.spring.container.SpringComponentProviderFactory registerSpringBeans
INFO: Registering Spring bean, genericParamExceptionMapper, of type com.jaspersoft.jasperserver.jaxrs.common.GenericParamExceptionMapper as a provider class
Oct 21, 2013 11:21:48 AM com.sun.jersey.spi.spring.container.SpringComponentProviderFactory registerSpringBeans
INFO: Registering Spring bean, genericRemoteExceptionMapper, of type com.jaspersoft.jasperserver.jaxrs.common.GenericRemoteExceptionMapper as a provider class
Oct 21, 2013 11:21:48 AM com.sun.jersey.spi.spring.container.SpringComponentProviderFactory registerSpringBeans
INFO: Registering Spring bean, springSecurityAccessDeniedExceptionMapper, of type com.jaspersoft.jasperserver.jaxrs.common.SpringSecurityAccessDeniedExceptionMapper as a provider class
Oct 21, 2013 11:21:48 AM com.sun.jersey.spi.spring.container.SpringComponentProviderFactory registerSpringBeans
INFO: Registering Spring bean, genericExceptionMapper, of type com.jaspersoft.jasperserver.jaxrs.common.GenericExceptionMapper as a provider class
Oct 21, 2013 11:21:48 AM com.sun.jersey.spi.spring.container.SpringComponentProviderFactory registerSpringBeans
INFO: Registering Spring bean, accessDeniedExceptionMapper, of type com.jaspersoft.jasperserver.jaxrs.common.AccessDeniedExceptionMapper as a provider class
Oct 21, 2013 11:21:48 AM com.sun.jersey.spi.spring.container.SpringComponentProviderFactory registerSpringBeans
INFO: Registering Spring bean, resourceNotFoundExceptionMapper, of type com.jaspersoft.jasperserver.jaxrs.common.ResourceNotFoundExceptionMapper as a provider class
Oct 21, 2013 11:21:48 AM com.sun.jersey.spi.spring.container.SpringComponentProviderFactory registerSpringBeans
INFO: Registering Spring bean, dataIntegrityViolationExceptionMapper, of type com.jaspersoft.jasperserver.jaxrs.common.DataIntegrityViolationExceptionMapper as a provider class
Oct 21, 2013 11:21:48 AM com.sun.jersey.spi.spring.container.SpringComponentProviderFactory registerSpringBeans
INFO: Registering Spring bean, serverInfoJaxrsService, of type com.jaspersoft.jasperserver.jaxrs.serverInfo.ServerInfoJaxrsService as a root resource class
Oct 21, 2013 11:21:48 AM com.sun.jersey.server.impl.application.WebApplicationImpl _initiate
INFO: Initiating Jersey application, version 'Jersey: 1.13-b01 03/09/2012 03:52 PM'
Oct 21, 2013 11:21:49 AM org.apache.catalina.startup.HostConfig deployDirectory
INFO: Deploying web application directory /opt/appserver/apache-tomcat/webapps/manager
Oct 21, 2013 11:21:49 AM org.apache.catalina.startup.HostConfig deployDirectory
INFO: Deploying web application directory /opt/appserver/apache-tomcat/webapps/ROOT
Oct 21, 2013 11:21:50 AM org.apache.coyote.AbstractProtocol start
INFO: Starting ProtocolHandler ["http-bio-8080"]
Oct 21, 2013 11:21:50 AM org.apache.coyote.AbstractProtocol start
INFO: Starting ProtocolHandler ["ajp-bio-8009"]
Oct 21, 2013 11:21:50 AM org.apache.catalina.startup.Catalina start
INFO: Server startup in 28513 ms
Oct 21, 2013 11:22:00 AM org.apache.jasper.compiler.TldLocationsCache tldScanJar
INFO: At least one JAR was scanned for TLDs yet contained no TLDs. Enable debug logging for this logger for a complete list of JARs that were scanned but no TLDs were found in them. Skipping unneeded JARs during scanning can improve startup time and JSP compilation time.
Oct 21, 2013 12:18:51 PM org.apache.coyote.AbstractProtocol pause
INFO: Pausing ProtocolHandler ["http-bio-8080"]
Oct 21, 2013 12:18:51 PM org.apache.coyote.AbstractProtocol pause
INFO: Pausing ProtocolHandler ["ajp-bio-8009"]
Oct 21, 2013 12:18:51 PM org.apache.catalina.core.StandardService stopInternal
INFO: Stopping service Catalina
Oct 21, 2013 12:18:52 PM org.apache.catalina.loader.WebappClassLoader clearReferencesThreads
SEVERE: The web application [/jasperserver] appears to have started a thread named [Thread-4] but has failed to stop it. This is very likely to create a memory leak.
Oct 21, 2013 12:18:52 PM org.apache.catalina.loader.WebappClassLoader clearReferencesThreads
SEVERE: The web application [/jasperserver] appears to have started a thread named [quartzScheduler_Worker-1] but has failed to stop it. This is very likely to create a memory leak.
Oct 21, 2013 12:18:52 PM org.apache.catalina.loader.WebappClassLoader clearReferencesThreads
SEVERE: The web application [/jasperserver] appears to have started a thread named [quartzScheduler_Worker-2] but has failed to stop it. This is very likely to create a memory leak.
Oct 21, 2013 12:18:52 PM org.apache.catalina.loader.WebappClassLoader clearReferencesThreads
SEVERE: The web application [/jasperserver] appears to have started a thread named [CascadeCacheCleaner] but has failed to stop it. This is very likely to create a memory leak.
Oct 21, 2013 12:18:52 PM org.apache.catalina.loader.WebappClassLoader checkThreadLocalMapForLeaks
SEVERE: The web application [/jasperserver] created a ThreadLocal with key of type [com.jaspersoft.jasperserver.api.logging.context.impl.BasicLoggingContextProvider$1] (value [com.jaspersoft.jasperserver.api.logging.context.impl.BasicLoggingContextProvider$1@3c1cefaa]) and a value of type [com.jaspersoft.jasperserver.api.logging.context.impl.LoggingContextImpl] (value [com.jaspersoft.jasperserver.api.logging.context.impl.LoggingContextImpl@fbaa0bb]) but failed to remove it when the web application was stopped. Threads are going to be renewed over time to try and avoid a probable memory leak.
Oct 21, 2013 12:18:52 PM org.apache.catalina.loader.WebappClassLoader checkThreadLocalMapForLeaks
SEVERE: The web application [/jasperserver] created a ThreadLocal with key of type [com.jaspersoft.jasperserver.api.logging.context.impl.BasicLoggingContextProvider$1] (value [com.jaspersoft.jasperserver.api.logging.context.impl.BasicLoggingContextProvider$1@3c1cefaa]) and a value of type [com.jaspersoft.jasperserver.api.logging.context.impl.LoggingContextImpl] (value [com.jaspersoft.jasperserver.api.logging.context.impl.LoggingContextImpl@258e5d0e]) but failed to remove it when the web application was stopped. Threads are going to be renewed over time to try and avoid a probable memory leak.
Oct 21, 2013 12:18:52 PM org.apache.catalina.loader.WebappClassLoader checkThreadLocalMapForLeaks
SEVERE: The web application [/jasperserver] created a ThreadLocal with key of type [com.jaspersoft.jasperserver.api.logging.context.impl.BasicLoggingContextProvider$1] (value [com.jaspersoft.jasperserver.api.logging.context.impl.BasicLoggingContextProvider$1@3c1cefaa]) and a value of type [com.jaspersoft.jasperserver.api.logging.context.impl.LoggingContextImpl] (value [com.jaspersoft.jasperserver.api.logging.context.impl.LoggingContextImpl@257f5565]) but failed to remove it when the web application was stopped. Threads are going to be renewed over time to try and avoid a probable memory leak.
Oct 21, 2013 12:18:52 PM org.apache.catalina.loader.WebappClassLoader checkThreadLocalMapForLeaks
SEVERE: The web application [/jasperserver] created a ThreadLocal with key of type [com.jaspersoft.jasperserver.api.logging.context.impl.BasicLoggingContextProvider$1] (value [com.jaspersoft.jasperserver.api.logging.context.impl.BasicLoggingContextProvider$1@3c1cefaa]) and a value of type [com.jaspersoft.jasperserver.api.logging.context.impl.LoggingContextImpl] (value [com.jaspersoft.jasperserver.api.logging.context.impl.LoggingContextImpl@4abf6d1e]) but failed to remove it when the web application was stopped. Threads are going to be renewed over time to try and avoid a probable memory leak.
Oct 21, 2013 12:18:52 PM org.apache.catalina.loader.WebappClassLoader checkThreadLocalMapForLeaks
SEVERE: The web application [/jasperserver] created a ThreadLocal with key of type [com.jaspersoft.jasperserver.api.logging.context.impl.BasicLoggingContextProvider$1] (value [com.jaspersoft.jasperserver.api.logging.context.impl.BasicLoggingContextProvider$1@3c1cefaa]) and a value of type [com.jaspersoft.jasperserver.api.logging.context.impl.LoggingContextImpl] (value [com.jaspersoft.jasperserver.api.logging.context.impl.LoggingContextImpl@5d94f2e8]) but failed to remove it when the web application was stopped. Threads are going to be renewed over time to try and avoid a probable memory leak.
Oct 21, 2013 12:18:52 PM org.apache.catalina.loader.WebappClassLoader checkThreadLocalMapForLeaks
SEVERE: The web application [/jasperserver] created a ThreadLocal with key of type [com.jaspersoft.jasperserver.api.logging.context.impl.BasicLoggingContextProvider$1] (value [com.jaspersoft.jasperserver.api.logging.context.impl.BasicLoggingContextProvider$1@3c1cefaa]) and a value of type [com.jaspersoft.jasperserver.api.logging.context.impl.LoggingContextImpl] (value [com.jaspersoft.jasperserver.api.logging.context.impl.LoggingContextImpl@5dd78d57]) but failed to remove it when the web application was stopped. Threads are going to be renewed over time to try and avoid a probable memory leak.
Oct 21, 2013 12:18:52 PM org.apache.catalina.loader.WebappClassLoader checkThreadLocalMapForLeaks
SEVERE: The web application [/jasperserver] created a ThreadLocal with key of type [com.jaspersoft.jasperserver.api.logging.context.impl.BasicLoggingContextProvider$1] (value [com.jaspersoft.jasperserver.api.logging.context.impl.BasicLoggingContextProvider$1@3c1cefaa]) and a value of type [com.jaspersoft.jasperserver.api.logging.context.impl.LoggingContextImpl] (value [com.jaspersoft.jasperserver.api.logging.context.impl.LoggingContextImpl@72807ae2]) but failed to remove it when the web application was stopped. Threads are going to be renewed over time to try and avoid a probable memory leak.
Oct 21, 2013 12:18:52 PM org.apache.catalina.loader.WebappClassLoader checkThreadLocalMapForLeaks
SEVERE: The web application [/jasperserver] created a ThreadLocal with key of type [com.jaspersoft.jasperserver.api.logging.context.impl.BasicLoggingContextProvider$1] (value [com.jaspersoft.jasperserver.api.logging.context.impl.BasicLoggingContextProvider$1@3c1cefaa]) and a value of type [com.jaspersoft.jasperserver.api.logging.context.impl.LoggingContextImpl] (value [com.jaspersoft.jasperserver.api.logging.context.impl.LoggingContextImpl@5103c628]) but failed to remove it when the web application was stopped. Threads are going to be renewed over time to try and avoid a probable memory leak.
Oct 21, 2013 12:18:52 PM org.apache.catalina.loader.WebappClassLoader checkThreadLocalMapForLeaks
SEVERE: The web application [/jasperserver] created a ThreadLocal with key of type [com.jaspersoft.jasperserver.api.logging.context.impl.BasicLoggingContextProvider$1] (value [com.jaspersoft.jasperserver.api.logging.context.impl.BasicLoggingContextProvider$1@3c1cefaa]) and a value of type [com.jaspersoft.jasperserver.api.logging.context.impl.LoggingContextImpl] (value [com.jaspersoft.jasperserver.api.logging.context.impl.LoggingContextImpl@4ec695a5]) but failed to remove it when the web application was stopped. Threads are going to be renewed over time to try and avoid a probable memory leak.
Oct 21, 2013 12:18:52 PM org.apache.catalina.loader.WebappClassLoader checkThreadLocalMapForLeaks
SEVERE: The web application [/jasperserver] created a ThreadLocal with key of type [com.jaspersoft.jasperserver.api.logging.context.impl.BasicLoggingContextProvider$1] (value [com.jaspersoft.jasperserver.api.logging.context.impl.BasicLoggingContextProvider$1@3c1cefaa]) and a value of type [com.jaspersoft.jasperserver.api.logging.context.impl.LoggingContextImpl] (value [com.jaspersoft.jasperserver.api.logging.context.impl.LoggingContextImpl@4f8aac0a]) but failed to remove it when the web application was stopped. Threads are going to be renewed over time to try and avoid a probable memory leak.
Oct 21, 2013 12:18:52 PM org.apache.coyote.AbstractProtocol stop
INFO: Stopping ProtocolHandler ["http-bio-8080"]
Oct 21, 2013 12:18:52 PM org.apache.coyote.AbstractProtocol stop
INFO: Stopping ProtocolHandler ["ajp-bio-8009"]
Oct 21, 2013 12:18:52 PM org.apache.coyote.AbstractProtocol destroy
INFO: Destroying ProtocolHandler ["http-bio-8080"]
Oct 21, 2013 12:18:52 PM org.apache.coyote.AbstractProtocol destroy
INFO: Destroying ProtocolHandler ["ajp-bio-8009"]
Oct 21, 2013 12:19:14 PM org.apache.catalina.core.AprLifecycleListener init
INFO: The APR based Apache Tomcat Native library which allows optimal performance in production environments was not found on the java.library.path: .:/Library/Java/Extensions:/System/Library/Java/Extensions:/usr/lib/java
Oct 21, 2013 12:19:15 PM org.apache.coyote.AbstractProtocol init
INFO: Initializing ProtocolHandler ["http-bio-8080"]
Oct 21, 2013 12:19:15 PM org.apache.coyote.AbstractProtocol init
INFO: Initializing ProtocolHandler ["ajp-bio-8009"]
Oct 21, 2013 12:19:15 PM org.apache.catalina.startup.Catalina load
INFO: Initialization processed in 568 ms
Oct 21, 2013 12:19:15 PM org.apache.catalina.core.StandardService startInternal
INFO: Starting service Catalina
Oct 21, 2013 12:19:15 PM org.apache.catalina.core.StandardEngine startInternal
INFO: Starting Servlet Engine: Apache Tomcat/7.0.42
Oct 21, 2013 12:19:15 PM org.apache.catalina.startup.HostConfig deployDirectory
INFO: Deploying web application directory /opt/appserver/apache-tomcat/webapps/docs
Oct 21, 2013 12:19:15 PM org.apache.catalina.startup.HostConfig deployDirectory
INFO: Deploying web application directory /opt/appserver/apache-tomcat/webapps/examples
Oct 21, 2013 12:19:15 PM org.apache.catalina.startup.HostConfig deployDirectory
INFO: Deploying web application directory /opt/appserver/apache-tomcat/webapps/host-manager
Oct 21, 2013 12:19:15 PM org.apache.catalina.startup.HostConfig deployDirectory
INFO: Deploying web application directory /opt/appserver/apache-tomcat/webapps/jasperserver
Oct 21, 2013 12:19:15 PM org.apache.catalina.startup.SetContextPropertiesRule begin
WARNING: [SetContextPropertiesRule]{Context} Setting property 'debug' to '5' did not find a matching property.
Oct 21, 2013 12:19:25 PM org.apache.catalina.startup.TaglibUriRule body
INFO: TLD skipped. URI: http://www.tonbeller.com/jpivot/core is already defined
Oct 21, 2013 12:19:25 PM org.apache.catalina.startup.TaglibUriRule body
INFO: TLD skipped. URI: http://www.springframework.org/tags is already defined
Oct 21, 2013 12:19:25 PM org.apache.catalina.startup.TaglibUriRule body
INFO: TLD skipped. URI: http://www.springframework.org/tags is already defined
Oct 21, 2013 12:19:39 PM com.sun.jersey.spi.spring.container.servlet.SpringServlet getContext
INFO: Using default applicationContext
Oct 21, 2013 12:19:39 PM com.sun.jersey.spi.spring.container.SpringComponentProviderFactory registerSpringBeans
INFO: Registering Spring bean, jobsJaxrsService, of type com.jaspersoft.jasperserver.jaxrs.job.JobsJaxrsService as a root resource class
Oct 21, 2013 12:19:39 PM com.sun.jersey.spi.spring.container.SpringComponentProviderFactory registerSpringBeans
INFO: Registering Spring bean, reportExecutionsJaxrsService, of type com.jaspersoft.jasperserver.jaxrs.report.ReportExecutionsJaxrsService as a root resource class
Oct 21, 2013 12:19:39 PM com.sun.jersey.spi.spring.container.SpringComponentProviderFactory registerSpringBeans
INFO: Registering Spring bean, inputControlsJaxrsService, of type com.jaspersoft.jasperserver.jaxrs.report.InputControlsJaxrsService as a root resource class
Oct 21, 2013 12:19:39 PM com.sun.jersey.spi.spring.container.SpringComponentProviderFactory registerSpringBeans
INFO: Registering Spring bean, runReportsJaxrsService, of type com.jaspersoft.jasperserver.jaxrs.report.RunReportsJaxrsService as a root resource class
Oct 21, 2013 12:19:39 PM com.sun.jersey.spi.spring.container.SpringComponentProviderFactory registerSpringBeans
INFO: Registering Spring bean, usersJaxrsServiceWrapper, of type com.jaspersoft.jasperserver.jaxrs.authority.UsersJaxrsServiceWrapper as a root resource class
Oct 21, 2013 12:19:39 PM com.sun.jersey.spi.spring.container.SpringComponentProviderFactory registerSpringBeans
INFO: Registering Spring bean, rolesJaxrsServiceWrapper, of type com.jaspersoft.jasperserver.jaxrs.authority.RolesJaxrsServiceWrapper as a root resource class
Oct 21, 2013 12:19:39 PM com.sun.jersey.spi.spring.container.SpringComponentProviderFactory registerSpringBeans
INFO: Registering Spring bean, exportJaxrsService, of type com.jaspersoft.jasperserver.jaxrs.importexport.ExportJaxrsService as a root resource class
Oct 21, 2013 12:19:39 PM com.sun.jersey.spi.spring.container.SpringComponentProviderFactory registerSpringBeans
INFO: Registering Spring bean, importJaxrsService, of type com.jaspersoft.jasperserver.jaxrs.importexport.ImportJaxrsService as a root resource class
Oct 21, 2013 12:19:39 PM com.sun.jersey.spi.spring.container.SpringComponentProviderFactory registerSpringBeans
INFO: Registering Spring bean, genericParamExceptionMapper, of type com.jaspersoft.jasperserver.jaxrs.common.GenericParamExceptionMapper as a provider class
Oct 21, 2013 12:19:39 PM com.sun.jersey.spi.spring.container.SpringComponentProviderFactory registerSpringBeans
INFO: Registering Spring bean, genericRemoteExceptionMapper, of type com.jaspersoft.jasperserver.jaxrs.common.GenericRemoteExceptionMapper as a provider class
Oct 21, 2013 12:19:39 PM com.sun.jersey.spi.spring.container.SpringComponentProviderFactory registerSpringBeans
INFO: Registering Spring bean, springSecurityAccessDeniedExceptionMapper, of type com.jaspersoft.jasperserver.jaxrs.common.SpringSecurityAccessDeniedExceptionMapper as a provider class
Oct 21, 2013 12:19:39 PM com.sun.jersey.spi.spring.container.SpringComponentProviderFactory registerSpringBeans
INFO: Registering Spring bean, genericExceptionMapper, of type com.jaspersoft.jasperserver.jaxrs.common.GenericExceptionMapper as a provider class
Oct 21, 2013 12:19:39 PM com.sun.jersey.spi.spring.container.SpringComponentProviderFactory registerSpringBeans
INFO: Registering Spring bean, accessDeniedExceptionMapper, of type com.jaspersoft.jasperserver.jaxrs.common.AccessDeniedExceptionMapper as a provider class
Oct 21, 2013 12:19:39 PM com.sun.jersey.spi.spring.container.SpringComponentProviderFactory registerSpringBeans
INFO: Registering Spring bean, resourceNotFoundExceptionMapper, of type com.jaspersoft.jasperserver.jaxrs.common.ResourceNotFoundExceptionMapper as a provider class
Oct 21, 2013 12:19:39 PM com.sun.jersey.spi.spring.container.SpringComponentProviderFactory registerSpringBeans
INFO: Registering Spring bean, dataIntegrityViolationExceptionMapper, of type com.jaspersoft.jasperserver.jaxrs.common.DataIntegrityViolationExceptionMapper as a provider class
Oct 21, 2013 12:19:39 PM com.sun.jersey.spi.spring.container.SpringComponentProviderFactory registerSpringBeans
INFO: Registering Spring bean, serverInfoJaxrsService, of type com.jaspersoft.jasperserver.jaxrs.serverInfo.ServerInfoJaxrsService as a root resource class
Oct 21, 2013 12:19:39 PM com.sun.jersey.server.impl.application.WebApplicationImpl _initiate
INFO: Initiating Jersey application, version 'Jersey: 1.13-b01 03/09/2012 03:52 PM'
Oct 21, 2013 12:19:41 PM org.apache.catalina.startup.HostConfig deployDirectory
INFO: Deploying web application directory /opt/appserver/apache-tomcat/webapps/manager
Oct 21, 2013 12:19:41 PM org.apache.catalina.startup.HostConfig deployDirectory
INFO: Deploying web application directory /opt/appserver/apache-tomcat/webapps/ROOT
Oct 21, 2013 12:19:41 PM org.apache.coyote.AbstractProtocol start
INFO: Starting ProtocolHandler ["http-bio-8080"]
Oct 21, 2013 12:19:41 PM org.apache.coyote.AbstractProtocol start
INFO: Starting ProtocolHandler ["ajp-bio-8009"]
Oct 21, 2013 12:19:41 PM org.apache.catalina.startup.Catalina start
INFO: Server startup in 26255 ms
Oct 21, 2013 12:21:59 PM org.apache.coyote.AbstractProtocol pause
INFO: Pausing ProtocolHandler ["http-bio-8080"]
Oct 21, 2013 12:21:59 PM org.apache.coyote.AbstractProtocol pause
INFO: Pausing ProtocolHandler ["ajp-bio-8009"]
Oct 21, 2013 12:21:59 PM org.apache.catalina.core.StandardService stopInternal
INFO: Stopping service Catalina
Oct 21, 2013 12:21:59 PM org.apache.catalina.loader.WebappClassLoader clearReferencesThreads
SEVERE: The web application [/jasperserver] appears to have started a thread named [Thread-4] but has failed to stop it. This is very likely to create a memory leak.
Oct 21, 2013 12:21:59 PM org.apache.catalina.loader.WebappClassLoader clearReferencesThreads
SEVERE: The web application [/jasperserver] appears to have started a thread named [quartzScheduler_Worker-1] but has failed to stop it. This is very likely to create a memory leak.
Oct 21, 2013 12:21:59 PM org.apache.catalina.loader.WebappClassLoader clearReferencesThreads
SEVERE: The web application [/jasperserver] appears to have started a thread named [quartzScheduler_Worker-2] but has failed to stop it. This is very likely to create a memory leak.
Oct 21, 2013 12:21:59 PM org.apache.catalina.loader.WebappClassLoader clearReferencesThreads
SEVERE: The web application [/jasperserver] appears to have started a thread named [CascadeCacheCleaner] but has failed to stop it. This is very likely to create a memory leak.
Oct 21, 2013 12:21:59 PM org.apache.catalina.loader.WebappClassLoader checkThreadLocalMapForLeaks
SEVERE: The web application [/jasperserver] created a ThreadLocal with key of type [com.jaspersoft.jasperserver.api.logging.context.impl.BasicLoggingContextProvider$1] (value [com.jaspersoft.jasperserver.api.logging.context.impl.BasicLoggingContextProvider$1@2855e552]) and a value of type [com.jaspersoft.jasperserver.api.logging.context.impl.LoggingContextImpl] (value [com.jaspersoft.jasperserver.api.logging.context.impl.LoggingContextImpl@1f427f2e]) but failed to remove it when the web application was stopped. Threads are going to be renewed over time to try and avoid a probable memory leak.
Oct 21, 2013 12:21:59 PM org.apache.catalina.loader.WebappClassLoader checkThreadLocalMapForLeaks
SEVERE: The web application [/jasperserver] created a ThreadLocal with key of type [com.jaspersoft.jasperserver.api.logging.context.impl.BasicLoggingContextProvider$1] (value [com.jaspersoft.jasperserver.api.logging.context.impl.BasicLoggingContextProvider$1@2855e552]) and a value of type [com.jaspersoft.jasperserver.api.logging.context.impl.LoggingContextImpl] (value [com.jaspersoft.jasperserver.api.logging.context.impl.LoggingContextImpl@46abb50a]) but failed to remove it when the web application was stopped. Threads are going to be renewed over time to try and avoid a probable memory leak.
Oct 21, 2013 12:21:59 PM org.apache.catalina.loader.WebappClassLoader checkThreadLocalMapForLeaks
SEVERE: The web application [/jasperserver] created a ThreadLocal with key of type [com.jaspersoft.jasperserver.api.logging.context.impl.BasicLoggingContextProvider$1] (value [com.jaspersoft.jasperserver.api.logging.context.impl.BasicLoggingContextProvider$1@2855e552]) and a value of type [com.jaspersoft.jasperserver.api.logging.context.impl.LoggingContextImpl] (value [com.jaspersoft.jasperserver.api.logging.context.impl.LoggingContextImpl@32fac7c5]) but failed to remove it when the web application was stopped. Threads are going to be renewed over time to try and avoid a probable memory leak.
Oct 21, 2013 12:21:59 PM org.apache.catalina.loader.WebappClassLoader checkThreadLocalMapForLeaks
SEVERE: The web application [/jasperserver] created a ThreadLocal with key of type [com.jaspersoft.jasperserver.api.logging.context.impl.BasicLoggingContextProvider$1] (value [com.jaspersoft.jasperserver.api.logging.context.impl.BasicLoggingContextProvider$1@2855e552]) and a value of type [com.jaspersoft.jasperserver.api.logging.context.impl.LoggingContextImpl] (value [com.jaspersoft.jasperserver.api.logging.context.impl.LoggingContextImpl@6e5170a8]) but failed to remove it when the web application was stopped. Threads are going to be renewed over time to try and avoid a probable memory leak.
Oct 21, 2013 12:21:59 PM org.apache.catalina.loader.WebappClassLoader checkThreadLocalMapForLeaks
SEVERE: The web application [/jasperserver] created a ThreadLocal with key of type [com.jaspersoft.jasperserver.api.logging.context.impl.BasicLoggingContextProvider$1] (value [com.jaspersoft.jasperserver.api.logging.context.impl.BasicLoggingContextProvider$1@2855e552]) and a value of type [com.jaspersoft.jasperserver.api.logging.context.impl.LoggingContextImpl] (value [com.jaspersoft.jasperserver.api.logging.context.impl.LoggingContextImpl@24bb5e2d]) but failed to remove it when the web application was stopped. Threads are going to be renewed over time to try and avoid a probable memory leak.
Oct 21, 2013 12:21:59 PM org.apache.catalina.loader.WebappClassLoader checkThreadLocalMapForLeaks
SEVERE: The web application [/jasperserver] created a ThreadLocal with key of type [com.jaspersoft.jasperserver.api.logging.context.impl.BasicLoggingContextProvider$1] (value [com.jaspersoft.jasperserver.api.logging.context.impl.BasicLoggingContextProvider$1@2855e552]) and a value of type [com.jaspersoft.jasperserver.api.logging.context.impl.LoggingContextImpl] (value [com.jaspersoft.jasperserver.api.logging.context.impl.LoggingContextImpl@923ef32]) but failed to remove it when the web application was stopped. Threads are going to be renewed over time to try and avoid a probable memory leak.
Oct 21, 2013 12:21:59 PM org.apache.coyote.AbstractProtocol stop
INFO: Stopping ProtocolHandler ["http-bio-8080"]
Oct 21, 2013 12:21:59 PM org.apache.coyote.AbstractProtocol stop
INFO: Stopping ProtocolHandler ["ajp-bio-8009"]
Oct 21, 2013 12:21:59 PM org.apache.coyote.AbstractProtocol destroy
INFO: Destroying ProtocolHandler ["http-bio-8080"]
Oct 21, 2013 12:21:59 PM org.apache.coyote.AbstractProtocol destroy
INFO: Destroying ProtocolHandler ["ajp-bio-8009"]
Oct 21, 2013 12:47:45 PM org.apache.catalina.core.AprLifecycleListener init
INFO: The APR based Apache Tomcat Native library which allows optimal performance in production environments was not found on the java.library.path: .:/Library/Java/Extensions:/System/Library/Java/Extensions:/usr/lib/java
Oct 21, 2013 12:47:45 PM org.apache.coyote.AbstractProtocol init
INFO: Initializing ProtocolHandler ["http-bio-8080"]
Oct 21, 2013 12:47:45 PM org.apache.coyote.AbstractProtocol init
INFO: Initializing ProtocolHandler ["ajp-bio-8009"]
Oct 21, 2013 12:47:45 PM org.apache.catalina.startup.Catalina load
INFO: Initialization processed in 584 ms
Oct 21, 2013 12:47:45 PM org.apache.catalina.core.StandardService startInternal
INFO: Starting service Catalina
Oct 21, 2013 12:47:45 PM org.apache.catalina.core.StandardEngine startInternal
INFO: Starting Servlet Engine: Apache Tomcat/7.0.42
Oct 21, 2013 12:47:45 PM org.apache.coyote.AbstractProtocol start
INFO: Starting ProtocolHandler ["http-bio-8080"]
Oct 21, 2013 12:47:45 PM org.apache.coyote.AbstractProtocol start
INFO: Starting ProtocolHandler ["ajp-bio-8009"]
Oct 21, 2013 12:47:45 PM org.apache.catalina.startup.Catalina start
INFO: Server startup in 32 ms
Oct 21, 2013 12:52:25 PM org.apache.catalina.startup.HostConfig deployWAR
INFO: Deploying web application archive /opt/appserver/apache-tomcat/webapps/casa.war
Oct 21, 2013 12:52:27 PM org.apache.tomcat.util.digester.Digester endElement
SEVERE: End event threw exception
java.lang.reflect.InvocationTargetException
	at sun.reflect.NativeMethodAccessorImpl.invoke0(Native Method)
	at sun.reflect.NativeMethodAccessorImpl.invoke(NativeMethodAccessorImpl.java:39)
	at sun.reflect.DelegatingMethodAccessorImpl.invoke(DelegatingMethodAccessorImpl.java:25)
	at java.lang.reflect.Method.invoke(Method.java:597)
	at org.apache.tomcat.util.IntrospectionUtils.callMethodN(IntrospectionUtils.java:911)
	at org.apache.catalina.startup.CallMethodMultiRule.end(WebRuleSet.java:1021)
	at org.apache.tomcat.util.digester.Digester.endElement(Digester.java:1051)
	at com.sun.org.apache.xerces.internal.parsers.AbstractSAXParser.endElement(AbstractSAXParser.java:601)
	at com.sun.org.apache.xerces.internal.impl.XMLDocumentFragmentScannerImpl.scanEndElement(XMLDocumentFragmentScannerImpl.java:1782)
	at com.sun.org.apache.xerces.internal.impl.XMLDocumentFragmentScannerImpl$FragmentContentDriver.next(XMLDocumentFragmentScannerImpl.java:2939)
	at com.sun.org.apache.xerces.internal.impl.XMLDocumentScannerImpl.next(XMLDocumentScannerImpl.java:647)
	at com.sun.org.apache.xerces.internal.impl.XMLDocumentFragmentScannerImpl.scanDocument(XMLDocumentFragmentScannerImpl.java:511)
	at com.sun.org.apache.xerces.internal.parsers.XML11Configuration.parse(XML11Configuration.java:808)
	at com.sun.org.apache.xerces.internal.parsers.XML11Configuration.parse(XML11Configuration.java:737)
	at com.sun.org.apache.xerces.internal.parsers.XMLParser.parse(XMLParser.java:119)
	at com.sun.org.apache.xerces.internal.parsers.AbstractSAXParser.parse(AbstractSAXParser.java:1205)
	at com.sun.org.apache.xerces.internal.jaxp.SAXParserImpl$JAXPSAXParser.parse(SAXParserImpl.java:522)
	at org.apache.tomcat.util.digester.Digester.parse(Digester.java:1537)
	at org.apache.catalina.startup.ContextConfig.parseWebXml(ContextConfig.java:1883)
	at org.apache.catalina.startup.ContextConfig.webConfig(ContextConfig.java:1252)
	at org.apache.catalina.startup.ContextConfig.configureStart(ContextConfig.java:878)
	at org.apache.catalina.startup.ContextConfig.lifecycleEvent(ContextConfig.java:376)
	at org.apache.catalina.util.LifecycleSupport.fireLifecycleEvent(LifecycleSupport.java:119)
	at org.apache.catalina.util.LifecycleBase.fireLifecycleEvent(LifecycleBase.java:90)
	at org.apache.catalina.core.StandardContext.startInternal(StandardContext.java:5322)
	at org.apache.catalina.util.LifecycleBase.start(LifecycleBase.java:150)
	at org.apache.catalina.core.ContainerBase.addChildInternal(ContainerBase.java:901)
	at org.apache.catalina.core.ContainerBase.addChild(ContainerBase.java:877)
	at org.apache.catalina.core.StandardHost.addChild(StandardHost.java:633)
	at org.apache.catalina.startup.HostConfig.deployWAR(HostConfig.java:976)
	at org.apache.catalina.startup.HostConfig$DeployWar.run(HostConfig.java:1653)
	at java.util.concurrent.Executors$RunnableAdapter.call(Executors.java:439)
	at java.util.concurrent.FutureTask$Sync.innerRun(FutureTask.java:303)
	at java.util.concurrent.FutureTask.run(FutureTask.java:138)
	at java.util.concurrent.ThreadPoolExecutor$Worker.runTask(ThreadPoolExecutor.java:886)
	at java.util.concurrent.ThreadPoolExecutor$Worker.run(ThreadPoolExecutor.java:908)
	at java.lang.Thread.run(Thread.java:680)
Caused by: java.lang.IllegalArgumentException: The servlets named [grails] and [grails] are both mapped to the url-pattern [*.dispatch] which is not permitted
	at org.apache.catalina.deploy.WebXml.addServletMapping(WebXml.java:335)
	... 37 more
Oct 21, 2013 12:52:27 PM org.apache.catalina.startup.ContextConfig parseWebXml
SEVERE: Parse error in application web.xml file at jndi:/localhost/casa/WEB-INF/web.xml
java.lang.IllegalArgumentException: The servlets named [grails] and [grails] are both mapped to the url-pattern [*.dispatch] which is not permitted
	at org.apache.tomcat.util.digester.Digester.createSAXException(Digester.java:2687)
	at org.apache.tomcat.util.digester.Digester.createSAXException(Digester.java:2719)
	at org.apache.tomcat.util.digester.Digester.endElement(Digester.java:1054)
	at com.sun.org.apache.xerces.internal.parsers.AbstractSAXParser.endElement(AbstractSAXParser.java:601)
	at com.sun.org.apache.xerces.internal.impl.XMLDocumentFragmentScannerImpl.scanEndElement(XMLDocumentFragmentScannerImpl.java:1782)
	at com.sun.org.apache.xerces.internal.impl.XMLDocumentFragmentScannerImpl$FragmentContentDriver.next(XMLDocumentFragmentScannerImpl.java:2939)
	at com.sun.org.apache.xerces.internal.impl.XMLDocumentScannerImpl.next(XMLDocumentScannerImpl.java:647)
	at com.sun.org.apache.xerces.internal.impl.XMLDocumentFragmentScannerImpl.scanDocument(XMLDocumentFragmentScannerImpl.java:511)
	at com.sun.org.apache.xerces.internal.parsers.XML11Configuration.parse(XML11Configuration.java:808)
	at com.sun.org.apache.xerces.internal.parsers.XML11Configuration.parse(XML11Configuration.java:737)
	at com.sun.org.apache.xerces.internal.parsers.XMLParser.parse(XMLParser.java:119)
	at com.sun.org.apache.xerces.internal.parsers.AbstractSAXParser.parse(AbstractSAXParser.java:1205)
	at com.sun.org.apache.xerces.internal.jaxp.SAXParserImpl$JAXPSAXParser.parse(SAXParserImpl.java:522)
	at org.apache.tomcat.util.digester.Digester.parse(Digester.java:1537)
	at org.apache.catalina.startup.ContextConfig.parseWebXml(ContextConfig.java:1883)
	at org.apache.catalina.startup.ContextConfig.webConfig(ContextConfig.java:1252)
	at org.apache.catalina.startup.ContextConfig.configureStart(ContextConfig.java:878)
	at org.apache.catalina.startup.ContextConfig.lifecycleEvent(ContextConfig.java:376)
	at org.apache.catalina.util.LifecycleSupport.fireLifecycleEvent(LifecycleSupport.java:119)
	at org.apache.catalina.util.LifecycleBase.fireLifecycleEvent(LifecycleBase.java:90)
	at org.apache.catalina.core.StandardContext.startInternal(StandardContext.java:5322)
	at org.apache.catalina.util.LifecycleBase.start(LifecycleBase.java:150)
	at org.apache.catalina.core.ContainerBase.addChildInternal(ContainerBase.java:901)
	at org.apache.catalina.core.ContainerBase.addChild(ContainerBase.java:877)
	at org.apache.catalina.core.StandardHost.addChild(StandardHost.java:633)
	at org.apache.catalina.startup.HostConfig.deployWAR(HostConfig.java:976)
	at org.apache.catalina.startup.HostConfig$DeployWar.run(HostConfig.java:1653)
	at java.util.concurrent.Executors$RunnableAdapter.call(Executors.java:439)
	at java.util.concurrent.FutureTask$Sync.innerRun(FutureTask.java:303)
	at java.util.concurrent.FutureTask.run(FutureTask.java:138)
	at java.util.concurrent.ThreadPoolExecutor$Worker.runTask(ThreadPoolExecutor.java:886)
	at java.util.concurrent.ThreadPoolExecutor$Worker.run(ThreadPoolExecutor.java:908)
	at java.lang.Thread.run(Thread.java:680)
Caused by: java.lang.IllegalArgumentException: The servlets named [grails] and [grails] are both mapped to the url-pattern [*.dispatch] which is not permitted
	at org.apache.catalina.deploy.WebXml.addServletMapping(WebXml.java:335)
	at sun.reflect.NativeMethodAccessorImpl.invoke0(Native Method)
	at sun.reflect.NativeMethodAccessorImpl.invoke(NativeMethodAccessorImpl.java:39)
	at sun.reflect.DelegatingMethodAccessorImpl.invoke(DelegatingMethodAccessorImpl.java:25)
	at java.lang.reflect.Method.invoke(Method.java:597)
	at org.apache.tomcat.util.IntrospectionUtils.callMethodN(IntrospectionUtils.java:911)
	at org.apache.catalina.startup.CallMethodMultiRule.end(WebRuleSet.java:1021)
	at org.apache.tomcat.util.digester.Digester.endElement(Digester.java:1051)
	... 30 more
Oct 21, 2013 12:52:27 PM org.apache.catalina.startup.ContextConfig parseWebXml
SEVERE: Occurred at line 143 column 20
Oct 21, 2013 12:52:27 PM org.apache.catalina.startup.ContextConfig configureStart
SEVERE: Marking this application unavailable due to previous error(s)
Oct 21, 2013 12:52:27 PM org.apache.catalina.startup.TaglibUriRule body
INFO: TLD skipped. URI: http://java.sun.com/jsp/jstl/core is already defined
Oct 21, 2013 12:52:27 PM org.apache.catalina.startup.TaglibUriRule body
INFO: TLD skipped. URI: http://java.sun.com/jsp/jstl/fmt is already defined
Oct 21, 2013 12:52:27 PM org.apache.catalina.startup.TaglibUriRule body
INFO: TLD skipped. URI: http://www.springframework.org/tags is already defined
Oct 21, 2013 12:52:27 PM org.apache.catalina.core.StandardContext startInternal
SEVERE: Error getConfigured
Oct 21, 2013 12:52:27 PM org.apache.catalina.core.StandardContext startInternal
SEVERE: Context [/casa] startup failed due to previous errors
Oct 21, 2013 12:52:27 PM org.apache.catalina.startup.HostConfig deployDirectory
INFO: Deploying web application directory /opt/appserver/apache-tomcat/webapps/docs
Oct 21, 2013 12:52:27 PM org.apache.catalina.startup.HostConfig deployDirectory
INFO: Deploying web application directory /opt/appserver/apache-tomcat/webapps/examples
Oct 21, 2013 12:52:27 PM org.apache.catalina.startup.HostConfig deployDirectory
INFO: Deploying web application directory /opt/appserver/apache-tomcat/webapps/host-manager
Oct 21, 2013 12:52:27 PM org.apache.catalina.startup.HostConfig deployDirectory
INFO: Deploying web application directory /opt/appserver/apache-tomcat/webapps/jasperserver
Oct 21, 2013 12:52:27 PM org.apache.catalina.startup.SetContextPropertiesRule begin
WARNING: [SetContextPropertiesRule]{Context} Setting property 'debug' to '5' did not find a matching property.
Oct 21, 2013 12:52:40 PM org.apache.catalina.startup.TaglibUriRule body
INFO: TLD skipped. URI: http://www.tonbeller.com/jpivot/core is already defined
Oct 21, 2013 12:52:40 PM org.apache.catalina.startup.TaglibUriRule body
INFO: TLD skipped. URI: http://www.springframework.org/tags is already defined
Oct 21, 2013 12:52:40 PM org.apache.catalina.startup.TaglibUriRule body
INFO: TLD skipped. URI: http://www.springframework.org/tags is already defined
Oct 21, 2013 12:52:54 PM com.sun.jersey.spi.spring.container.servlet.SpringServlet getContext
INFO: Using default applicationContext
Oct 21, 2013 12:52:54 PM com.sun.jersey.spi.spring.container.SpringComponentProviderFactory registerSpringBeans
INFO: Registering Spring bean, jobsJaxrsService, of type com.jaspersoft.jasperserver.jaxrs.job.JobsJaxrsService as a root resource class
Oct 21, 2013 12:52:54 PM com.sun.jersey.spi.spring.container.SpringComponentProviderFactory registerSpringBeans
INFO: Registering Spring bean, reportExecutionsJaxrsService, of type com.jaspersoft.jasperserver.jaxrs.report.ReportExecutionsJaxrsService as a root resource class
Oct 21, 2013 12:52:54 PM com.sun.jersey.spi.spring.container.SpringComponentProviderFactory registerSpringBeans
INFO: Registering Spring bean, inputControlsJaxrsService, of type com.jaspersoft.jasperserver.jaxrs.report.InputControlsJaxrsService as a root resource class
Oct 21, 2013 12:52:54 PM com.sun.jersey.spi.spring.container.SpringComponentProviderFactory registerSpringBeans
INFO: Registering Spring bean, runReportsJaxrsService, of type com.jaspersoft.jasperserver.jaxrs.report.RunReportsJaxrsService as a root resource class
Oct 21, 2013 12:52:54 PM com.sun.jersey.spi.spring.container.SpringComponentProviderFactory registerSpringBeans
INFO: Registering Spring bean, usersJaxrsServiceWrapper, of type com.jaspersoft.jasperserver.jaxrs.authority.UsersJaxrsServiceWrapper as a root resource class
Oct 21, 2013 12:52:54 PM com.sun.jersey.spi.spring.container.SpringComponentProviderFactory registerSpringBeans
INFO: Registering Spring bean, rolesJaxrsServiceWrapper, of type com.jaspersoft.jasperserver.jaxrs.authority.RolesJaxrsServiceWrapper as a root resource class
Oct 21, 2013 12:52:54 PM com.sun.jersey.spi.spring.container.SpringComponentProviderFactory registerSpringBeans
INFO: Registering Spring bean, exportJaxrsService, of type com.jaspersoft.jasperserver.jaxrs.importexport.ExportJaxrsService as a root resource class
Oct 21, 2013 12:52:54 PM com.sun.jersey.spi.spring.container.SpringComponentProviderFactory registerSpringBeans
INFO: Registering Spring bean, importJaxrsService, of type com.jaspersoft.jasperserver.jaxrs.importexport.ImportJaxrsService as a root resource class
Oct 21, 2013 12:52:54 PM com.sun.jersey.spi.spring.container.SpringComponentProviderFactory registerSpringBeans
INFO: Registering Spring bean, genericParamExceptionMapper, of type com.jaspersoft.jasperserver.jaxrs.common.GenericParamExceptionMapper as a provider class
Oct 21, 2013 12:52:54 PM com.sun.jersey.spi.spring.container.SpringComponentProviderFactory registerSpringBeans
INFO: Registering Spring bean, genericRemoteExceptionMapper, of type com.jaspersoft.jasperserver.jaxrs.common.GenericRemoteExceptionMapper as a provider class
Oct 21, 2013 12:52:54 PM com.sun.jersey.spi.spring.container.SpringComponentProviderFactory registerSpringBeans
INFO: Registering Spring bean, springSecurityAccessDeniedExceptionMapper, of type com.jaspersoft.jasperserver.jaxrs.common.SpringSecurityAccessDeniedExceptionMapper as a provider class
Oct 21, 2013 12:52:54 PM com.sun.jersey.spi.spring.container.SpringComponentProviderFactory registerSpringBeans
INFO: Registering Spring bean, genericExceptionMapper, of type com.jaspersoft.jasperserver.jaxrs.common.GenericExceptionMapper as a provider class
Oct 21, 2013 12:52:54 PM com.sun.jersey.spi.spring.container.SpringComponentProviderFactory registerSpringBeans
INFO: Registering Spring bean, accessDeniedExceptionMapper, of type com.jaspersoft.jasperserver.jaxrs.common.AccessDeniedExceptionMapper as a provider class
Oct 21, 2013 12:52:54 PM com.sun.jersey.spi.spring.container.SpringComponentProviderFactory registerSpringBeans
INFO: Registering Spring bean, resourceNotFoundExceptionMapper, of type com.jaspersoft.jasperserver.jaxrs.common.ResourceNotFoundExceptionMapper as a provider class
Oct 21, 2013 12:52:54 PM com.sun.jersey.spi.spring.container.SpringComponentProviderFactory registerSpringBeans
INFO: Registering Spring bean, dataIntegrityViolationExceptionMapper, of type com.jaspersoft.jasperserver.jaxrs.common.DataIntegrityViolationExceptionMapper as a provider class
Oct 21, 2013 12:52:54 PM com.sun.jersey.spi.spring.container.SpringComponentProviderFactory registerSpringBeans
INFO: Registering Spring bean, serverInfoJaxrsService, of type com.jaspersoft.jasperserver.jaxrs.serverInfo.ServerInfoJaxrsService as a root resource class
Oct 21, 2013 12:52:54 PM com.sun.jersey.server.impl.application.WebApplicationImpl _initiate
INFO: Initiating Jersey application, version 'Jersey: 1.13-b01 03/09/2012 03:52 PM'
Oct 21, 2013 12:52:55 PM org.apache.catalina.startup.HostConfig deployDirectory
INFO: Deploying web application directory /opt/appserver/apache-tomcat/webapps/manager
Oct 21, 2013 12:52:55 PM org.apache.catalina.startup.HostConfig deployDirectory
INFO: Deploying web application directory /opt/appserver/apache-tomcat/webapps/ROOT
Oct 21, 2013 12:55:46 PM org.apache.coyote.AbstractProtocol pause
INFO: Pausing ProtocolHandler ["http-bio-8080"]
Oct 21, 2013 12:55:46 PM org.apache.coyote.AbstractProtocol pause
INFO: Pausing ProtocolHandler ["ajp-bio-8009"]
Oct 21, 2013 12:55:46 PM org.apache.catalina.core.StandardService stopInternal
INFO: Stopping service Catalina
Oct 21, 2013 12:55:47 PM org.apache.catalina.loader.WebappClassLoader clearReferencesThreads
SEVERE: The web application [/jasperserver] appears to have started a thread named [Thread-5] but has failed to stop it. This is very likely to create a memory leak.
Oct 21, 2013 12:55:47 PM org.apache.catalina.loader.WebappClassLoader clearReferencesThreads
SEVERE: The web application [/jasperserver] appears to have started a thread named [CascadeCacheCleaner] but has failed to stop it. This is very likely to create a memory leak.
Oct 21, 2013 12:55:47 PM org.apache.coyote.AbstractProtocol stop
INFO: Stopping ProtocolHandler ["http-bio-8080"]
Oct 21, 2013 12:55:47 PM org.apache.coyote.AbstractProtocol stop
INFO: Stopping ProtocolHandler ["ajp-bio-8009"]
Oct 21, 2013 12:55:47 PM org.apache.coyote.AbstractProtocol destroy
INFO: Destroying ProtocolHandler ["http-bio-8080"]
Oct 21, 2013 12:55:47 PM org.apache.coyote.AbstractProtocol destroy
INFO: Destroying ProtocolHandler ["ajp-bio-8009"]
Oct 21, 2013 12:56:56 PM org.apache.catalina.core.AprLifecycleListener init
INFO: The APR based Apache Tomcat Native library which allows optimal performance in production environments was not found on the java.library.path: .:/Library/Java/Extensions:/System/Library/Java/Extensions:/usr/lib/java
Oct 21, 2013 12:56:57 PM org.apache.coyote.AbstractProtocol init
INFO: Initializing ProtocolHandler ["http-bio-8080"]
Oct 21, 2013 12:56:57 PM org.apache.coyote.AbstractProtocol init
INFO: Initializing ProtocolHandler ["ajp-bio-8009"]
Oct 21, 2013 12:56:57 PM org.apache.catalina.startup.Catalina load
INFO: Initialization processed in 562 ms
Oct 21, 2013 12:56:57 PM org.apache.catalina.core.StandardService startInternal
INFO: Starting service Catalina
Oct 21, 2013 12:56:57 PM org.apache.catalina.core.StandardEngine startInternal
INFO: Starting Servlet Engine: Apache Tomcat/7.0.42
Oct 21, 2013 12:56:57 PM org.apache.catalina.startup.HostConfig deployWAR
INFO: Deploying web application archive /opt/appserver/apache-tomcat/webapps/casa.war
Oct 21, 2013 12:56:57 PM org.apache.tomcat.util.digester.Digester endElement
SEVERE: End event threw exception
java.lang.reflect.InvocationTargetException
	at sun.reflect.NativeMethodAccessorImpl.invoke0(Native Method)
	at sun.reflect.NativeMethodAccessorImpl.invoke(NativeMethodAccessorImpl.java:39)
	at sun.reflect.DelegatingMethodAccessorImpl.invoke(DelegatingMethodAccessorImpl.java:25)
	at java.lang.reflect.Method.invoke(Method.java:597)
	at org.apache.tomcat.util.IntrospectionUtils.callMethodN(IntrospectionUtils.java:911)
	at org.apache.catalina.startup.CallMethodMultiRule.end(WebRuleSet.java:1021)
	at org.apache.tomcat.util.digester.Digester.endElement(Digester.java:1051)
	at com.sun.org.apache.xerces.internal.parsers.AbstractSAXParser.endElement(AbstractSAXParser.java:601)
	at com.sun.org.apache.xerces.internal.impl.XMLDocumentFragmentScannerImpl.scanEndElement(XMLDocumentFragmentScannerImpl.java:1782)
	at com.sun.org.apache.xerces.internal.impl.XMLDocumentFragmentScannerImpl$FragmentContentDriver.next(XMLDocumentFragmentScannerImpl.java:2939)
	at com.sun.org.apache.xerces.internal.impl.XMLDocumentScannerImpl.next(XMLDocumentScannerImpl.java:647)
	at com.sun.org.apache.xerces.internal.impl.XMLDocumentFragmentScannerImpl.scanDocument(XMLDocumentFragmentScannerImpl.java:511)
	at com.sun.org.apache.xerces.internal.parsers.XML11Configuration.parse(XML11Configuration.java:808)
	at com.sun.org.apache.xerces.internal.parsers.XML11Configuration.parse(XML11Configuration.java:737)
	at com.sun.org.apache.xerces.internal.parsers.XMLParser.parse(XMLParser.java:119)
	at com.sun.org.apache.xerces.internal.parsers.AbstractSAXParser.parse(AbstractSAXParser.java:1205)
	at com.sun.org.apache.xerces.internal.jaxp.SAXParserImpl$JAXPSAXParser.parse(SAXParserImpl.java:522)
	at org.apache.tomcat.util.digester.Digester.parse(Digester.java:1537)
	at org.apache.catalina.startup.ContextConfig.parseWebXml(ContextConfig.java:1883)
	at org.apache.catalina.startup.ContextConfig.webConfig(ContextConfig.java:1252)
	at org.apache.catalina.startup.ContextConfig.configureStart(ContextConfig.java:878)
	at org.apache.catalina.startup.ContextConfig.lifecycleEvent(ContextConfig.java:376)
	at org.apache.catalina.util.LifecycleSupport.fireLifecycleEvent(LifecycleSupport.java:119)
	at org.apache.catalina.util.LifecycleBase.fireLifecycleEvent(LifecycleBase.java:90)
	at org.apache.catalina.core.StandardContext.startInternal(StandardContext.java:5322)
	at org.apache.catalina.util.LifecycleBase.start(LifecycleBase.java:150)
	at org.apache.catalina.core.ContainerBase.addChildInternal(ContainerBase.java:901)
	at org.apache.catalina.core.ContainerBase.addChild(ContainerBase.java:877)
	at org.apache.catalina.core.StandardHost.addChild(StandardHost.java:633)
	at org.apache.catalina.startup.HostConfig.deployWAR(HostConfig.java:976)
	at org.apache.catalina.startup.HostConfig$DeployWar.run(HostConfig.java:1653)
	at java.util.concurrent.Executors$RunnableAdapter.call(Executors.java:439)
	at java.util.concurrent.FutureTask$Sync.innerRun(FutureTask.java:303)
	at java.util.concurrent.FutureTask.run(FutureTask.java:138)
	at java.util.concurrent.ThreadPoolExecutor$Worker.runTask(ThreadPoolExecutor.java:886)
	at java.util.concurrent.ThreadPoolExecutor$Worker.run(ThreadPoolExecutor.java:908)
	at java.lang.Thread.run(Thread.java:680)
Caused by: java.lang.IllegalArgumentException: The servlets named [grails] and [grails] are both mapped to the url-pattern [*.dispatch] which is not permitted
	at org.apache.catalina.deploy.WebXml.addServletMapping(WebXml.java:335)
	... 37 more
Oct 21, 2013 12:56:57 PM org.apache.catalina.startup.ContextConfig parseWebXml
SEVERE: Parse error in application web.xml file at jndi:/localhost/casa/WEB-INF/web.xml
java.lang.IllegalArgumentException: The servlets named [grails] and [grails] are both mapped to the url-pattern [*.dispatch] which is not permitted
	at org.apache.tomcat.util.digester.Digester.createSAXException(Digester.java:2687)
	at org.apache.tomcat.util.digester.Digester.createSAXException(Digester.java:2719)
	at org.apache.tomcat.util.digester.Digester.endElement(Digester.java:1054)
	at com.sun.org.apache.xerces.internal.parsers.AbstractSAXParser.endElement(AbstractSAXParser.java:601)
	at com.sun.org.apache.xerces.internal.impl.XMLDocumentFragmentScannerImpl.scanEndElement(XMLDocumentFragmentScannerImpl.java:1782)
	at com.sun.org.apache.xerces.internal.impl.XMLDocumentFragmentScannerImpl$FragmentContentDriver.next(XMLDocumentFragmentScannerImpl.java:2939)
	at com.sun.org.apache.xerces.internal.impl.XMLDocumentScannerImpl.next(XMLDocumentScannerImpl.java:647)
	at com.sun.org.apache.xerces.internal.impl.XMLDocumentFragmentScannerImpl.scanDocument(XMLDocumentFragmentScannerImpl.java:511)
	at com.sun.org.apache.xerces.internal.parsers.XML11Configuration.parse(XML11Configuration.java:808)
	at com.sun.org.apache.xerces.internal.parsers.XML11Configuration.parse(XML11Configuration.java:737)
	at com.sun.org.apache.xerces.internal.parsers.XMLParser.parse(XMLParser.java:119)
	at com.sun.org.apache.xerces.internal.parsers.AbstractSAXParser.parse(AbstractSAXParser.java:1205)
	at com.sun.org.apache.xerces.internal.jaxp.SAXParserImpl$JAXPSAXParser.parse(SAXParserImpl.java:522)
	at org.apache.tomcat.util.digester.Digester.parse(Digester.java:1537)
	at org.apache.catalina.startup.ContextConfig.parseWebXml(ContextConfig.java:1883)
	at org.apache.catalina.startup.ContextConfig.webConfig(ContextConfig.java:1252)
	at org.apache.catalina.startup.ContextConfig.configureStart(ContextConfig.java:878)
	at org.apache.catalina.startup.ContextConfig.lifecycleEvent(ContextConfig.java:376)
	at org.apache.catalina.util.LifecycleSupport.fireLifecycleEvent(LifecycleSupport.java:119)
	at org.apache.catalina.util.LifecycleBase.fireLifecycleEvent(LifecycleBase.java:90)
	at org.apache.catalina.core.StandardContext.startInternal(StandardContext.java:5322)
	at org.apache.catalina.util.LifecycleBase.start(LifecycleBase.java:150)
	at org.apache.catalina.core.ContainerBase.addChildInternal(ContainerBase.java:901)
	at org.apache.catalina.core.ContainerBase.addChild(ContainerBase.java:877)
	at org.apache.catalina.core.StandardHost.addChild(StandardHost.java:633)
	at org.apache.catalina.startup.HostConfig.deployWAR(HostConfig.java:976)
	at org.apache.catalina.startup.HostConfig$DeployWar.run(HostConfig.java:1653)
	at java.util.concurrent.Executors$RunnableAdapter.call(Executors.java:439)
	at java.util.concurrent.FutureTask$Sync.innerRun(FutureTask.java:303)
	at java.util.concurrent.FutureTask.run(FutureTask.java:138)
	at java.util.concurrent.ThreadPoolExecutor$Worker.runTask(ThreadPoolExecutor.java:886)
	at java.util.concurrent.ThreadPoolExecutor$Worker.run(ThreadPoolExecutor.java:908)
	at java.lang.Thread.run(Thread.java:680)
Caused by: java.lang.IllegalArgumentException: The servlets named [grails] and [grails] are both mapped to the url-pattern [*.dispatch] which is not permitted
	at org.apache.catalina.deploy.WebXml.addServletMapping(WebXml.java:335)
	at sun.reflect.NativeMethodAccessorImpl.invoke0(Native Method)
	at sun.reflect.NativeMethodAccessorImpl.invoke(NativeMethodAccessorImpl.java:39)
	at sun.reflect.DelegatingMethodAccessorImpl.invoke(DelegatingMethodAccessorImpl.java:25)
	at java.lang.reflect.Method.invoke(Method.java:597)
	at org.apache.tomcat.util.IntrospectionUtils.callMethodN(IntrospectionUtils.java:911)
	at org.apache.catalina.startup.CallMethodMultiRule.end(WebRuleSet.java:1021)
	at org.apache.tomcat.util.digester.Digester.endElement(Digester.java:1051)
	... 30 more
Oct 21, 2013 12:56:57 PM org.apache.catalina.startup.ContextConfig parseWebXml
SEVERE: Occurred at line 143 column 20
Oct 21, 2013 12:56:57 PM org.apache.catalina.startup.ContextConfig configureStart
SEVERE: Marking this application unavailable due to previous error(s)
Oct 21, 2013 12:56:57 PM org.apache.catalina.startup.TaglibUriRule body
INFO: TLD skipped. URI: http://java.sun.com/jsp/jstl/core is already defined
Oct 21, 2013 12:56:57 PM org.apache.catalina.startup.TaglibUriRule body
INFO: TLD skipped. URI: http://java.sun.com/jsp/jstl/fmt is already defined
Oct 21, 2013 12:56:57 PM org.apache.catalina.startup.TaglibUriRule body
INFO: TLD skipped. URI: http://www.springframework.org/tags is already defined
Oct 21, 2013 12:56:57 PM org.apache.catalina.core.StandardContext startInternal
SEVERE: Error getConfigured
Oct 21, 2013 12:56:57 PM org.apache.catalina.core.StandardContext startInternal
SEVERE: Context [/casa] startup failed due to previous errors
Oct 21, 2013 12:56:57 PM org.apache.catalina.startup.HostConfig deployDirectory
INFO: Deploying web application directory /opt/appserver/apache-tomcat/webapps/docs
Oct 21, 2013 12:56:57 PM org.apache.catalina.startup.HostConfig deployDirectory
INFO: Deploying web application directory /opt/appserver/apache-tomcat/webapps/examples
Oct 21, 2013 12:56:58 PM org.apache.catalina.startup.HostConfig deployDirectory
INFO: Deploying web application directory /opt/appserver/apache-tomcat/webapps/host-manager
Oct 21, 2013 12:56:58 PM org.apache.catalina.startup.HostConfig deployDirectory
INFO: Deploying web application directory /opt/appserver/apache-tomcat/webapps/jasperserver
Oct 21, 2013 12:56:58 PM org.apache.catalina.startup.SetContextPropertiesRule begin
WARNING: [SetContextPropertiesRule]{Context} Setting property 'debug' to '5' did not find a matching property.
Oct 21, 2013 12:57:06 PM org.apache.catalina.startup.TaglibUriRule body
INFO: TLD skipped. URI: http://www.tonbeller.com/jpivot/core is already defined
Oct 21, 2013 12:57:06 PM org.apache.catalina.startup.TaglibUriRule body
INFO: TLD skipped. URI: http://www.springframework.org/tags is already defined
Oct 21, 2013 12:57:06 PM org.apache.catalina.startup.TaglibUriRule body
INFO: TLD skipped. URI: http://www.springframework.org/tags is already defined
Oct 21, 2013 12:57:20 PM com.sun.jersey.spi.spring.container.servlet.SpringServlet getContext
INFO: Using default applicationContext
Oct 21, 2013 12:57:20 PM com.sun.jersey.spi.spring.container.SpringComponentProviderFactory registerSpringBeans
INFO: Registering Spring bean, jobsJaxrsService, of type com.jaspersoft.jasperserver.jaxrs.job.JobsJaxrsService as a root resource class
Oct 21, 2013 12:57:20 PM com.sun.jersey.spi.spring.container.SpringComponentProviderFactory registerSpringBeans
INFO: Registering Spring bean, reportExecutionsJaxrsService, of type com.jaspersoft.jasperserver.jaxrs.report.ReportExecutionsJaxrsService as a root resource class
Oct 21, 2013 12:57:20 PM com.sun.jersey.spi.spring.container.SpringComponentProviderFactory registerSpringBeans
INFO: Registering Spring bean, inputControlsJaxrsService, of type com.jaspersoft.jasperserver.jaxrs.report.InputControlsJaxrsService as a root resource class
Oct 21, 2013 12:57:20 PM com.sun.jersey.spi.spring.container.SpringComponentProviderFactory registerSpringBeans
INFO: Registering Spring bean, runReportsJaxrsService, of type com.jaspersoft.jasperserver.jaxrs.report.RunReportsJaxrsService as a root resource class
Oct 21, 2013 12:57:20 PM com.sun.jersey.spi.spring.container.SpringComponentProviderFactory registerSpringBeans
INFO: Registering Spring bean, usersJaxrsServiceWrapper, of type com.jaspersoft.jasperserver.jaxrs.authority.UsersJaxrsServiceWrapper as a root resource class
Oct 21, 2013 12:57:20 PM com.sun.jersey.spi.spring.container.SpringComponentProviderFactory registerSpringBeans
INFO: Registering Spring bean, rolesJaxrsServiceWrapper, of type com.jaspersoft.jasperserver.jaxrs.authority.RolesJaxrsServiceWrapper as a root resource class
Oct 21, 2013 12:57:20 PM com.sun.jersey.spi.spring.container.SpringComponentProviderFactory registerSpringBeans
INFO: Registering Spring bean, exportJaxrsService, of type com.jaspersoft.jasperserver.jaxrs.importexport.ExportJaxrsService as a root resource class
Oct 21, 2013 12:57:20 PM com.sun.jersey.spi.spring.container.SpringComponentProviderFactory registerSpringBeans
INFO: Registering Spring bean, importJaxrsService, of type com.jaspersoft.jasperserver.jaxrs.importexport.ImportJaxrsService as a root resource class
Oct 21, 2013 12:57:20 PM com.sun.jersey.spi.spring.container.SpringComponentProviderFactory registerSpringBeans
INFO: Registering Spring bean, genericParamExceptionMapper, of type com.jaspersoft.jasperserver.jaxrs.common.GenericParamExceptionMapper as a provider class
Oct 21, 2013 12:57:20 PM com.sun.jersey.spi.spring.container.SpringComponentProviderFactory registerSpringBeans
INFO: Registering Spring bean, genericRemoteExceptionMapper, of type com.jaspersoft.jasperserver.jaxrs.common.GenericRemoteExceptionMapper as a provider class
Oct 21, 2013 12:57:20 PM com.sun.jersey.spi.spring.container.SpringComponentProviderFactory registerSpringBeans
INFO: Registering Spring bean, springSecurityAccessDeniedExceptionMapper, of type com.jaspersoft.jasperserver.jaxrs.common.SpringSecurityAccessDeniedExceptionMapper as a provider class
Oct 21, 2013 12:57:20 PM com.sun.jersey.spi.spring.container.SpringComponentProviderFactory registerSpringBeans
INFO: Registering Spring bean, genericExceptionMapper, of type com.jaspersoft.jasperserver.jaxrs.common.GenericExceptionMapper as a provider class
Oct 21, 2013 12:57:20 PM com.sun.jersey.spi.spring.container.SpringComponentProviderFactory registerSpringBeans
INFO: Registering Spring bean, accessDeniedExceptionMapper, of type com.jaspersoft.jasperserver.jaxrs.common.AccessDeniedExceptionMapper as a provider class
Oct 21, 2013 12:57:20 PM com.sun.jersey.spi.spring.container.SpringComponentProviderFactory registerSpringBeans
INFO: Registering Spring bean, resourceNotFoundExceptionMapper, of type com.jaspersoft.jasperserver.jaxrs.common.ResourceNotFoundExceptionMapper as a provider class
Oct 21, 2013 12:57:20 PM com.sun.jersey.spi.spring.container.SpringComponentProviderFactory registerSpringBeans
INFO: Registering Spring bean, dataIntegrityViolationExceptionMapper, of type com.jaspersoft.jasperserver.jaxrs.common.DataIntegrityViolationExceptionMapper as a provider class
Oct 21, 2013 12:57:20 PM com.sun.jersey.spi.spring.container.SpringComponentProviderFactory registerSpringBeans
INFO: Registering Spring bean, serverInfoJaxrsService, of type com.jaspersoft.jasperserver.jaxrs.serverInfo.ServerInfoJaxrsService as a root resource class
Oct 21, 2013 12:57:20 PM com.sun.jersey.server.impl.application.WebApplicationImpl _initiate
INFO: Initiating Jersey application, version 'Jersey: 1.13-b01 03/09/2012 03:52 PM'
Oct 21, 2013 12:57:22 PM org.apache.catalina.startup.HostConfig deployDirectory
INFO: Deploying web application directory /opt/appserver/apache-tomcat/webapps/manager
Oct 21, 2013 12:57:22 PM org.apache.catalina.startup.HostConfig deployDirectory
INFO: Deploying web application directory /opt/appserver/apache-tomcat/webapps/ROOT
Oct 21, 2013 12:57:22 PM org.apache.coyote.AbstractProtocol start
INFO: Starting ProtocolHandler ["http-bio-8080"]
Oct 21, 2013 12:57:22 PM org.apache.coyote.AbstractProtocol start
INFO: Starting ProtocolHandler ["ajp-bio-8009"]
Oct 21, 2013 12:57:22 PM org.apache.catalina.startup.Catalina start
INFO: Server startup in 24853 ms
